<?xml version="1.0" encoding="UTF-8"?>
<testng-results ignored="0" total="4" passed="4" failed="0" skipped="0">
  <reporter-output>
  </reporter-output>
  <suite started-at="2024-11-27T14:59:59 WET" name="Surefire suite" finished-at="2024-11-27T15:01:11 WET" duration-ms="71861">
    <groups>
      <group name="cucumber">
        <method signature="AbstractTestNGCucumberTests.runScenario(io.cucumber.testng.PickleWrapper,io.cucumber.testng.FeatureWrapper)[pri:0, instance:magentodemotestrunner.MagentoDemoRunnerTest@3d51f06e]" name="runScenario" class="io.cucumber.testng.AbstractTestNGCucumberTests"/>
      </group> <!-- cucumber -->
    </groups>
    <test started-at="2024-11-27T14:59:59 WET" name="Surefire test" finished-at="2024-11-27T15:01:11 WET" duration-ms="71861">
      <class name="magentodemotestrunner.MagentoDemoRunnerTest">
        <test-method is-config="true" signature="setUpClass(org.testng.ITestContext)[pri:0, instance:magentodemotestrunner.MagentoDemoRunnerTest@3d51f06e]" started-at="2024-11-27T14:59:59 WET" name="setUpClass" finished-at="2024-11-27T15:00:00 WET" duration-ms="714" status="PASS">
          <params>
            <param index="0">
              <value>
                <![CDATA[org.testng.TestRunner@477b4cdf]]>
              </value>
            </param>
          </params>
          <reporter-output>
          </reporter-output>
        </test-method> <!-- setUpClass -->
        <test-method signature="runScenario(io.cucumber.testng.PickleWrapper,io.cucumber.testng.FeatureWrapper)[pri:0, instance:magentodemotestrunner.MagentoDemoRunnerTest@3d51f06e]" started-at="2024-11-27T15:00:00 WET" name="runScenario" description="Runs Cucumber Scenarios" data-provider="scenarios" finished-at="2024-11-27T15:00:25 WET" duration-ms="24915" status="PASS">
          <params>
            <param index="0">
              <value>
                <![CDATA["Successful user registration"]]>
              </value>
            </param>
            <param index="1">
              <value>
                <![CDATA["New User Registration"]]>
              </value>
            </param>
          </params>
          <reporter-output>
          </reporter-output>
        </test-method> <!-- runScenario -->
        <test-method signature="runScenario(io.cucumber.testng.PickleWrapper,io.cucumber.testng.FeatureWrapper)[pri:0, instance:magentodemotestrunner.MagentoDemoRunnerTest@3d51f06e]" started-at="2024-11-27T15:00:25 WET" name="runScenario" description="Runs Cucumber Scenarios" data-provider="scenarios" finished-at="2024-11-27T15:00:45 WET" duration-ms="19621" status="PASS">
          <params>
            <param index="0">
              <value>
                <![CDATA["Successful user registration"]]>
              </value>
            </param>
            <param index="1">
              <value>
                <![CDATA["New User Registration"]]>
              </value>
            </param>
          </params>
          <reporter-output>
          </reporter-output>
        </test-method> <!-- runScenario -->
        <test-method signature="runScenario(io.cucumber.testng.PickleWrapper,io.cucumber.testng.FeatureWrapper)[pri:0, instance:magentodemotestrunner.MagentoDemoRunnerTest@3d51f06e]" started-at="2024-11-27T15:00:45 WET" name="runScenario" description="Runs Cucumber Scenarios" data-provider="scenarios" finished-at="2024-11-27T15:00:58 WET" duration-ms="12887" status="PASS">
          <params>
            <param index="0">
              <value>
                <![CDATA["Registration with missing required fields"]]>
              </value>
            </param>
            <param index="1">
              <value>
                <![CDATA["New User Registration"]]>
              </value>
            </param>
          </params>
          <reporter-output>
          </reporter-output>
        </test-method> <!-- runScenario -->
        <test-method signature="runScenario(io.cucumber.testng.PickleWrapper,io.cucumber.testng.FeatureWrapper)[pri:0, instance:magentodemotestrunner.MagentoDemoRunnerTest@3d51f06e]" started-at="2024-11-27T15:00:58 WET" name="runScenario" description="Runs Cucumber Scenarios" data-provider="scenarios" finished-at="2024-11-27T15:01:11 WET" duration-ms="13594" status="PASS">
          <params>
            <param index="0">
              <value>
                <![CDATA["Registration with missing required fields"]]>
              </value>
            </param>
            <param index="1">
              <value>
                <![CDATA["New User Registration"]]>
              </value>
            </param>
          </params>
          <reporter-output>
          </reporter-output>
        </test-method> <!-- runScenario -->
        <test-method is-config="true" signature="tearDownClass()[pri:0, instance:magentodemotestrunner.MagentoDemoRunnerTest@3d51f06e]" started-at="2024-11-27T15:01:11 WET" name="tearDownClass" finished-at="2024-11-27T15:01:11 WET" duration-ms="75" status="PASS">
          <reporter-output>
          </reporter-output>
        </test-method> <!-- tearDownClass -->
      </class> <!-- magentodemotestrunner.MagentoDemoRunnerTest -->
    </test> <!-- Surefire test -->
  </suite> <!-- Surefire suite -->
</testng-results>
